0 info it worked if it ends with ok
1 verbose cli [ '/usr/local/bin/node',
1 verbose cli   '/usr/local/bin/npm',
1 verbose cli   'install',
1 verbose cli   '-g',
1 verbose cli   'angular-ui-router' ]
2 info using npm@1.4.28
3 info using node@v0.13.0-pre
4 verbose cache add [ 'angular-ui-router', null ]
5 verbose cache add name=undefined spec="angular-ui-router" args=["angular-ui-router",null]
6 verbose parsed url { protocol: null,
6 verbose parsed url   slashes: null,
6 verbose parsed url   auth: null,
6 verbose parsed url   host: null,
6 verbose parsed url   port: null,
6 verbose parsed url   hostname: null,
6 verbose parsed url   hash: null,
6 verbose parsed url   search: null,
6 verbose parsed url   query: null,
6 verbose parsed url   pathname: 'angular-ui-router',
6 verbose parsed url   path: 'angular-ui-router',
6 verbose parsed url   href: 'angular-ui-router' }
7 silly lockFile ff5f9edb-angular-ui-router angular-ui-router
8 verbose lock angular-ui-router /home/deftone/.npm/ff5f9edb-angular-ui-router.lock
9 silly lockFile ff5f9edb-angular-ui-router angular-ui-router
10 silly lockFile ff5f9edb-angular-ui-router angular-ui-router
11 verbose addNamed [ 'angular-ui-router', '' ]
12 verbose addNamed [ null, '*' ]
13 silly lockFile f588af00-angular-ui-router angular-ui-router@
14 verbose lock angular-ui-router@ /home/deftone/.npm/f588af00-angular-ui-router.lock
15 silly addNameRange { name: 'angular-ui-router', range: '*', hasData: false }
16 verbose request where is /angular-ui-router
17 verbose request registry https://registry.npmjs.org/
18 verbose request id ed09fbe30885c293
19 verbose url raw /angular-ui-router
20 verbose url resolving [ 'https://registry.npmjs.org/', './angular-ui-router' ]
21 verbose url resolved https://registry.npmjs.org/angular-ui-router
22 verbose request where is https://registry.npmjs.org/angular-ui-router
23 info trying registry request attempt 1 at 18:57:15
24 verbose etag "98X6OGEYCGFIW3943XTZ8JDBO"
25 http GET https://registry.npmjs.org/angular-ui-router
26 http 304 https://registry.npmjs.org/angular-ui-router
27 silly registry.get cb [ 304,
27 silly registry.get   { date: 'Tue, 07 Oct 2014 16:57:15 GMT',
27 silly registry.get     server: 'Apache',
27 silly registry.get     via: '1.1 varnish',
27 silly registry.get     'last-modified': 'Tue, 07 Oct 2014 16:57:15 GMT',
27 silly registry.get     'cache-control': 'max-age=60',
27 silly registry.get     etag: '"98X6OGEYCGFIW3943XTZ8JDBO"',
27 silly registry.get     'x-served-by': 'cache-lo81-LHR',
27 silly registry.get     'x-cache': 'MISS',
27 silly registry.get     'x-cache-hits': '0',
27 silly registry.get     'x-timer': 'S1412701035.416038,VS0,VE456',
27 silly registry.get     vary: 'Accept',
27 silly registry.get     'content-length': '0',
27 silly registry.get     connection: 'close' } ]
28 verbose etag https://registry.npmjs.org/angular-ui-router from cache
29 silly addNameRange number 2 { name: 'angular-ui-router', range: '*', hasData: true }
30 silly addNameRange versions [ 'angular-ui-router',
30 silly addNameRange   [ '0.2.7', '0.2.8', '0.2.10', '0.2.11' ] ]
31 verbose addNamed [ 'angular-ui-router', '0.2.11' ]
32 verbose addNamed [ '0.2.11', '0.2.11' ]
33 silly lockFile ca9f5ec7-angular-ui-router-0-2-11 angular-ui-router@0.2.11
34 verbose lock angular-ui-router@0.2.11 /home/deftone/.npm/ca9f5ec7-angular-ui-router-0-2-11.lock
35 silly lockFile ca9f5ec7-angular-ui-router-0-2-11 angular-ui-router@0.2.11
36 silly lockFile ca9f5ec7-angular-ui-router-0-2-11 angular-ui-router@0.2.11
37 silly lockFile f588af00-angular-ui-router angular-ui-router@
38 silly lockFile f588af00-angular-ui-router angular-ui-router@
39 silly resolved [ { name: 'angular-ui-router',
39 silly resolved     description: 'State-based routing for AngularJS',
39 silly resolved     version: '0.2.11',
39 silly resolved     homepage: 'http://angular-ui.github.com/',
39 silly resolved     contributors: [ [Object], [Object], [Object] ],
39 silly resolved     maintainers: [ [Object], [Object], [Object], [Object] ],
39 silly resolved     repository:
39 silly resolved      { type: 'git',
39 silly resolved        url: 'https://github.com/angular-ui/ui-router.git' },
39 silly resolved     bugs: { url: 'https://github.com/angular-ui/ui-router/issues' },
39 silly resolved     licenses: [ [Object] ],
39 silly resolved     dependencies: {},
39 silly resolved     devDependencies:
39 silly resolved      { grunt: '~0.4.1',
39 silly resolved        'grunt-contrib-concat': '~0.3.0',
39 silly resolved        'grunt-contrib-uglify': '~0.4.0',
39 silly resolved        'grunt-contrib-jshint': '~0.8.0',
39 silly resolved        'grunt-contrib-watch': '~0.5.3',
39 silly resolved        'grunt-contrib-connect': '~0.7.1',
39 silly resolved        'grunt-contrib-clean': '~0.5.0',
39 silly resolved        'grunt-karma': '~0.6.2',
39 silly resolved        jsdoc: 'git://github.com/jsdoc3/jsdoc.git#v3.2.2',
39 silly resolved        shelljs: '~0.2.6',
39 silly resolved        'faithful-exec': '~0.1.0',
39 silly resolved        'karma-firefox-launcher': '~0.1.0',
39 silly resolved        'karma-chrome-launcher': '~0.1.0',
39 silly resolved        'karma-html2js-preprocessor': '~0.1.0',
39 silly resolved        'karma-jasmine': '~0.1.3',
39 silly resolved        'karma-requirejs': '~0.2.0',
39 silly resolved        'karma-script-launcher': '~0.1.0',
39 silly resolved        'karma-coffee-preprocessor': '~0.1.0',
39 silly resolved        karma: '~0.10.4',
39 silly resolved        'karma-phantomjs-launcher': '~0.1.0',
39 silly resolved        'load-grunt-tasks': '~0.4.0',
39 silly resolved        'grunt-conventional-changelog': '~1.1.0',
39 silly resolved        'grunt-ngdocs': '~0.1.7' },
39 silly resolved     main: 'release/angular-ui-router',
39 silly resolved     gitHead: '9837c09fb83653a4aebdefc771518323211a92c1',
39 silly resolved     _id: 'angular-ui-router@0.2.11',
39 silly resolved     scripts: {},
39 silly resolved     _shasum: '69d5c0f413d732b9f57aa8351346be2d6805ac63',
39 silly resolved     _from: 'angular-ui-router@',
39 silly resolved     _npmVersion: '1.5.0-alpha-1',
39 silly resolved     _npmUser: { name: 'nateabele', email: 'nate.abele@gmail.com' },
39 silly resolved     dist:
39 silly resolved      { shasum: '69d5c0f413d732b9f57aa8351346be2d6805ac63',
39 silly resolved        tarball: 'http://registry.npmjs.org/angular-ui-router/-/angular-ui-router-0.2.11.tgz' },
39 silly resolved     directories: {},
39 silly resolved     _resolved: 'https://registry.npmjs.org/angular-ui-router/-/angular-ui-router-0.2.11.tgz',
39 silly resolved     readme: 'ERROR: No README data found!' } ]
40 info install angular-ui-router@0.2.11 into /usr/local/lib
41 info installOne angular-ui-router@0.2.11
42 verbose lib/node_modules/angular-ui-router unbuild
43 verbose tar unpack /home/deftone/.npm/angular-ui-router/0.2.11/package.tgz
44 silly lockFile e2ceb1ea-b-node-modules-angular-ui-router tar:///usr/local/lib/node_modules/angular-ui-router
45 verbose lock tar:///usr/local/lib/node_modules/angular-ui-router /home/deftone/.npm/e2ceb1ea-b-node-modules-angular-ui-router.lock
46 silly lockFile 8fd14036-lar-ui-router-0-2-11-package-tgz tar:///home/deftone/.npm/angular-ui-router/0.2.11/package.tgz
47 verbose lock tar:///home/deftone/.npm/angular-ui-router/0.2.11/package.tgz /home/deftone/.npm/8fd14036-lar-ui-router-0-2-11-package-tgz.lock
48 silly gunzTarPerm modes [ '775', '664' ]
49 error Error: EACCES, mkdir '/usr/local/lib/node_modules/angular-ui-router'
49 error     at Error (native)
49 error  { [Error: EACCES, mkdir '/usr/local/lib/node_modules/angular-ui-router']
49 error   stack: 'Error: EACCES, mkdir \'/usr/local/lib/node_modules/angular-ui-router\'\n    at Error (native)',
49 error   errno: -13,
49 error   code: 'EACCES',
49 error   path: '/usr/local/lib/node_modules/angular-ui-router',
49 error   fstream_type: 'Directory',
49 error   fstream_path: '/usr/local/lib/node_modules/angular-ui-router',
49 error   fstream_class: 'DirWriter',
49 error   fstream_stack:
49 error    [ '/usr/local/lib/node_modules/npm/node_modules/fstream/lib/dir-writer.js:36:23',
49 error      '/usr/local/lib/node_modules/npm/node_modules/mkdirp/index.js:46:53',
49 error      'Object.oncomplete (fs.js:93:15)' ] }
50 error Please try running this command again as root/Administrator.
51 error System Linux 3.13.0-36-generic
52 error command "/usr/local/bin/node" "/usr/local/bin/npm" "install" "-g" "angular-ui-router"
53 error cwd /home/deftone/webProjects/firstApp
54 error node -v v0.13.0-pre
55 error npm -v 1.4.28
56 error path /usr/local/lib/node_modules/angular-ui-router
57 error fstream_path /usr/local/lib/node_modules/angular-ui-router
58 error fstream_type Directory
59 error fstream_class DirWriter
60 error code EACCES
61 error errno -13
62 error stack Error: EACCES, mkdir '/usr/local/lib/node_modules/angular-ui-router'
62 error stack     at Error (native)
63 error fstream_stack /usr/local/lib/node_modules/npm/node_modules/fstream/lib/dir-writer.js:36:23
63 error fstream_stack /usr/local/lib/node_modules/npm/node_modules/mkdirp/index.js:46:53
63 error fstream_stack Object.oncomplete (fs.js:93:15)
64 verbose exit [ -13, true ]
